<?xml version="1.0" encoding="UTF-8"?>
<testng-results ignored="0" total="1" passed="1" failed="0" skipped="0">
  <reporter-output>
  </reporter-output>
  <suite started-at="2024-01-21T23:49:34 IST" name="Default suite" finished-at="2024-01-21T23:50:50 IST" duration-ms="76244">
    <groups>
    </groups>
    <test started-at="2024-01-21T23:49:34 IST" name="Default test" finished-at="2024-01-21T23:50:50 IST" duration-ms="76244">
      <class name="seleniumTest.Frames">
        <test-method is-config="true" signature="initializeBrowser()[pri:0, instance:seleniumTest.Frames@7526515b]" started-at="2024-01-21T23:49:34 IST" name="initializeBrowser" finished-at="2024-01-21T23:49:38 IST" duration-ms="4220" status="PASS">
          <reporter-output>
          </reporter-output>
        </test-method> <!-- initializeBrowser -->
        <test-method signature="frameSample()[pri:0, instance:seleniumTest.Frames@7526515b]" started-at="2024-01-21T23:49:38 IST" name="frameSample" finished-at="2024-01-21T23:50:50 IST" duration-ms="71849" status="PASS">
          <reporter-output>
          </reporter-output>
        </test-method> <!-- frameSample -->
        <test-method is-config="true" signature="driverQuit()[pri:0, instance:seleniumTest.Frames@7526515b]" started-at="2024-01-21T23:50:50 IST" name="driverQuit" finished-at="2024-01-21T23:50:50 IST" duration-ms="135" status="PASS">
          <reporter-output>
          </reporter-output>
        </test-method> <!-- driverQuit -->
      </class> <!-- seleniumTest.Frames -->
    </test> <!-- Default test -->
  </suite> <!-- Default suite -->
</testng-results>
